<?xml version="1.0" encoding="UTF-8"?>
<!-- Generated by org.testng.reporters.JUnitXMLReporter -->
<testsuite ignored="1" hostname="VIJAY" failures="0" tests="1" name="Default test" time="87.093" errors="0" timestamp="2024-08-10T18:48:00 IST">
  <testcase classname="ats_Test.ATS_TestClass" name="validate_ClientCreation" time="45.605"/>
  <testcase classname="ats_Test.ATS_TestClass" name="validate_MeetingCreation" time="0.0">
    <ignored/>
  </testcase> <!-- validate_MeetingCreation -->
</testsuite> <!-- Default test -->
