<?xml version="1.0" encoding="UTF-8"?>
<!-- Generated by org.testng.reporters.JUnitXMLReporter -->
<testsuite ignored="1" hostname="VIJAY" failures="0" tests="1" name="Test" time="65.317" errors="0" timestamp="2024-08-09T00:22:57 IST">
  <testcase classname="ats_Test.ATS_TestClass" name="validate_ClientCreation" time="35.494"/>
  <testcase classname="ats_Test.ATS_TestClass" name="validate_MeetingCreation" time="0.0">
    <ignored/>
  </testcase> <!-- validate_MeetingCreation -->
</testsuite> <!-- Test -->
