<?xml version="1.0" encoding="UTF-8"?>
<testsuite xmlns:xsi="http://www.w3.org/2001/XMLSchema-instance" xsi:noNamespaceSchemaLocation="https://maven.apache.org/surefire/maven-surefire-plugin/xsd/surefire-test-report-3.0.xsd" version="3.0" name="TestSuite" time="93.353" tests="1" errors="0" skipped="0" failures="0">
  <properties>
[...]
</properties>
  <testcase name="validate_ClientCreation" classname="ats_Test.ATS_TestClass" time="55.146">
    <system-out><![CDATA[19:07:39.067 [main] DEBUG org.testng.TestNG -- suiteXmlPath: "C:\Users\vijay\eclipse-workspace123\ATS_Project\testng.xml"
Launching Browser
Clicked on Client
Clicked on Create Client
Entered the Company Name
Entered Mobile Number
Entered Fax Number
Entered Company Website
Industry Selected
Source Selected
About Company Entered
Entered Street Name
Entered City Name
Entered State Name
Entered Zip Code
Country Selected
Contract Uploaded
Attached Other uploaded
Clicked on Submit Button
Goodwin-Jerde  Goodwin-Jerde
Company Creation Varification Success!!!! Test Case Passed
 INFO [main] (ATS_TestClass.java:200)- Test case 2 completed
]]></system-out>
  </testcase>
</testsuite>