<?xml version="1.0" encoding="UTF-8"?>
<testng-results ignored="0" total="1" passed="1" failed="0" skipped="0">
  <reporter-output>
    <line>
      <![CDATA[Launching Browser]]>
    </line>
    <line>
      <![CDATA[Reading data from excelsheet]]>
    </line>
    <line>
      <![CDATA[Reading data from excelsheet]]>
    </line>
    <line>
      <![CDATA[Reading data from excelsheet]]>
    </line>
    <line>
      <![CDATA[Reading data from excelsheet]]>
    </line>
  </reporter-output>
  <suite started-at="2024-08-01T23:05:17 IST" name="Suite" finished-at="2024-08-01T23:06:12 IST" duration-ms="54024">
    <groups>
    </groups>
    <test started-at="2024-08-01T23:05:17 IST" name="Test" finished-at="2024-08-01T23:06:12 IST" duration-ms="54024">
      <class name="ats_Test.ATS_TestClass">
        <test-method is-config="true" signature="launchBrowser()[pri:0, instance:ats_Test.ATS_TestClass@32eff876]" started-at="2024-08-01T23:05:18 IST" name="launchBrowser" finished-at="2024-08-01T23:05:25 IST" duration-ms="7953" status="PASS">
          <reporter-output>
            <line>
              <![CDATA[Launching Browser]]>
            </line>
          </reporter-output>
        </test-method> <!-- launchBrowser -->
        <test-method is-config="true" signature="process()[pri:0, instance:ats_Test.ATS_TestClass@32eff876]" started-at="2024-08-01T23:05:25 IST" name="process" finished-at="2024-08-01T23:06:12 IST" duration-ms="46011" status="PASS">
          <reporter-output>
            <line>
              <![CDATA[Reading data from excelsheet]]>
            </line>
            <line>
              <![CDATA[Reading data from excelsheet]]>
            </line>
            <line>
              <![CDATA[Reading data from excelsheet]]>
            </line>
            <line>
              <![CDATA[Reading data from excelsheet]]>
            </line>
          </reporter-output>
        </test-method> <!-- process -->
        <test-method signature="validate_actions()[pri:0, instance:ats_Test.ATS_TestClass@32eff876]" started-at="2024-08-01T23:06:12 IST" name="validate_actions" finished-at="2024-08-01T23:06:12 IST" duration-ms="2" status="PASS">
          <reporter-output>
          </reporter-output>
        </test-method> <!-- validate_actions -->
      </class> <!-- ats_Test.ATS_TestClass -->
    </test> <!-- Test -->
  </suite> <!-- Suite -->
</testng-results>
