<?xml version="1.0" encoding="UTF-8"?>
<testng-results ignored="1" total="2" passed="1" failed="0" skipped="0">
  <reporter-output>
    <line>
      <![CDATA[Launching Browser]]>
    </line>
    <line>
      <![CDATA[Reading data from excelsheet]]>
    </line>
    <line>
      <![CDATA[Reading data from excelsheet]]>
    </line>
    <line>
      <![CDATA[Reading data from excelsheet]]>
    </line>
    <line>
      <![CDATA[Reading data from excelsheet]]>
    </line>
    <line>
      <![CDATA[Reading data from excelsheet]]>
    </line>
    <line>
      <![CDATA[Reading data from excelsheet]]>
    </line>
    <line>
      <![CDATA[Reading data from excelsheet]]>
    </line>
    <line>
      <![CDATA[Reading data from excelsheet]]>
    </line>
    <line>
      <![CDATA[Reading data from excelsheet]]>
    </line>
    <line>
      <![CDATA[Reading data from excelsheet]]>
    </line>
    <line>
      <![CDATA[Reading data from excelsheet]]>
    </line>
    <line>
      <![CDATA[Reading data from excelsheet]]>
    </line>
    <line>
      <![CDATA[Reading data from excelsheet]]>
    </line>
    <line>
      <![CDATA[Reading data from excelsheet]]>
    </line>
    <line>
      <![CDATA[Taking ScreenShot]]>
    </line>
    <line>
      <![CDATA[Saved ScreenShot atC:\Users\vijay\Desktop\Class Notes\Practice Work\ATSvalidate_ClientCreation_09.08.2024.00.22.56.png]]>
    </line>
  </reporter-output>
  <suite started-at="2024-08-09T00:21:51 IST" name="Suite" finished-at="2024-08-09T00:22:57 IST" duration-ms="65317">
    <groups>
    </groups>
    <test started-at="2024-08-09T00:21:51 IST" name="Test" finished-at="2024-08-09T00:22:57 IST" duration-ms="65317">
      <class name="ats_Test.ATS_TestClass">
        <test-method is-config="true" signature="launchBrowser()[pri:0, instance:ats_Test.ATS_TestClass@74e52303]" started-at="2024-08-09T00:21:51 IST" name="launchBrowser" finished-at="2024-08-09T00:21:52 IST" duration-ms="122" status="PASS">
          <reporter-output>
          </reporter-output>
        </test-method> <!-- launchBrowser -->
        <test-method is-config="true" signature="process()[pri:0, instance:ats_Test.ATS_TestClass@74e52303]" started-at="2024-08-09T00:21:52 IST" name="process" finished-at="2024-08-09T00:22:21 IST" duration-ms="29384" status="PASS">
          <reporter-output>
            <line>
              <![CDATA[Launching Browser]]>
            </line>
            <line>
              <![CDATA[Reading data from excelsheet]]>
            </line>
            <line>
              <![CDATA[Reading data from excelsheet]]>
            </line>
          </reporter-output>
        </test-method> <!-- process -->
        <test-method signature="validate_ClientCreation()[pri:1, instance:ats_Test.ATS_TestClass@74e52303]" started-at="2024-08-09T00:22:21 IST" name="validate_ClientCreation" finished-at="2024-08-09T00:22:56 IST" duration-ms="35494" status="PASS">
          <reporter-output>
            <line>
              <![CDATA[Reading data from excelsheet]]>
            </line>
            <line>
              <![CDATA[Reading data from excelsheet]]>
            </line>
            <line>
              <![CDATA[Reading data from excelsheet]]>
            </line>
            <line>
              <![CDATA[Reading data from excelsheet]]>
            </line>
            <line>
              <![CDATA[Reading data from excelsheet]]>
            </line>
            <line>
              <![CDATA[Reading data from excelsheet]]>
            </line>
            <line>
              <![CDATA[Reading data from excelsheet]]>
            </line>
            <line>
              <![CDATA[Reading data from excelsheet]]>
            </line>
            <line>
              <![CDATA[Reading data from excelsheet]]>
            </line>
            <line>
              <![CDATA[Reading data from excelsheet]]>
            </line>
            <line>
              <![CDATA[Reading data from excelsheet]]>
            </line>
            <line>
              <![CDATA[Reading data from excelsheet]]>
            </line>
            <line>
              <![CDATA[Taking ScreenShot]]>
            </line>
            <line>
              <![CDATA[Saved ScreenShot atC:\Users\vijay\Desktop\Class Notes\Practice Work\ATSvalidate_ClientCreation_09.08.2024.00.22.56.png]]>
            </line>
          </reporter-output>
        </test-method> <!-- validate_ClientCreation -->
      </class> <!-- ats_Test.ATS_TestClass -->
    </test> <!-- Test -->
  </suite> <!-- Suite -->
</testng-results>
