<?xml version="1.0" encoding="UTF-8"?>
<testng-results ignored="0" total="1" passed="1" failed="0" skipped="0">
  <reporter-output>
    <line>
      <![CDATA[Launching the Chrome Browser]]>
    </line>
    <line>
      <![CDATA[Reading data from excelsheet]]>
    </line>
    <line>
      <![CDATA[Reading data from excelsheet]]>
    </line>
    <line>
      <![CDATA[Reading data from excelsheet]]>
    </line>
    <line>
      <![CDATA[Reading data from excelsheet]]>
    </line>
  </reporter-output>
  <suite started-at="2024-08-01T06:30:18 IST" name="Default suite" finished-at="2024-08-01T06:30:57 IST" duration-ms="39002">
    <groups>
    </groups>
    <test started-at="2024-08-01T06:30:18 IST" name="Default test" finished-at="2024-08-01T06:30:57 IST" duration-ms="39002">
      <class name="ats_Test.ATS_TestClass">
        <test-method is-config="true" signature="launchBrowser()[pri:0, instance:ats_Test.ATS_TestClass@78691363]" started-at="2024-08-01T06:30:18 IST" name="launchBrowser" finished-at="2024-08-01T06:30:24 IST" duration-ms="6399" status="PASS">
          <reporter-output>
            <line>
              <![CDATA[Launching the Chrome Browser]]>
            </line>
          </reporter-output>
        </test-method> <!-- launchBrowser -->
        <test-method is-config="true" signature="process()[pri:0, instance:ats_Test.ATS_TestClass@78691363]" started-at="2024-08-01T06:30:24 IST" name="process" finished-at="2024-08-01T06:30:57 IST" duration-ms="32537" status="PASS">
          <reporter-output>
            <line>
              <![CDATA[Reading data from excelsheet]]>
            </line>
            <line>
              <![CDATA[Reading data from excelsheet]]>
            </line>
            <line>
              <![CDATA[Reading data from excelsheet]]>
            </line>
            <line>
              <![CDATA[Reading data from excelsheet]]>
            </line>
          </reporter-output>
        </test-method> <!-- process -->
        <test-method signature="validate_actions()[pri:0, instance:ats_Test.ATS_TestClass@78691363]" started-at="2024-08-01T06:30:57 IST" name="validate_actions" finished-at="2024-08-01T06:30:57 IST" duration-ms="8" status="PASS">
          <reporter-output>
          </reporter-output>
        </test-method> <!-- validate_actions -->
      </class> <!-- ats_Test.ATS_TestClass -->
    </test> <!-- Default test -->
  </suite> <!-- Default suite -->
</testng-results>
