<?xml version="1.0" encoding="UTF-8"?>
<testng-results ignored="0" total="1" passed="1" failed="0" skipped="0">
  <reporter-output>
    <line>
      <![CDATA[Launching Browser]]>
    </line>
    <line>
      <![CDATA[Reading data from excelsheet]]>
    </line>
    <line>
      <![CDATA[Reading data from excelsheet]]>
    </line>
    <line>
      <![CDATA[Reading data from excelsheet]]>
    </line>
    <line>
      <![CDATA[Reading data from excelsheet]]>
    </line>
  </reporter-output>
  <suite started-at="2024-08-01T23:00:15 IST" name="Default suite" finished-at="2024-08-01T23:00:52 IST" duration-ms="36837">
    <groups>
    </groups>
    <test started-at="2024-08-01T23:00:15 IST" name="Default test" finished-at="2024-08-01T23:00:52 IST" duration-ms="36837">
      <class name="ats_Test.ATS_TestClass">
        <test-method is-config="true" signature="launchBrowser()[pri:0, instance:ats_Test.ATS_TestClass@78691363]" started-at="2024-08-01T23:00:15 IST" name="launchBrowser" finished-at="2024-08-01T23:00:21 IST" duration-ms="5431" status="PASS">
          <reporter-output>
            <line>
              <![CDATA[Launching Browser]]>
            </line>
          </reporter-output>
        </test-method> <!-- launchBrowser -->
        <test-method is-config="true" signature="process()[pri:0, instance:ats_Test.ATS_TestClass@78691363]" started-at="2024-08-01T23:00:21 IST" name="process" finished-at="2024-08-01T23:00:52 IST" duration-ms="31331" status="PASS">
          <reporter-output>
            <line>
              <![CDATA[Reading data from excelsheet]]>
            </line>
            <line>
              <![CDATA[Reading data from excelsheet]]>
            </line>
            <line>
              <![CDATA[Reading data from excelsheet]]>
            </line>
            <line>
              <![CDATA[Reading data from excelsheet]]>
            </line>
          </reporter-output>
        </test-method> <!-- process -->
        <test-method signature="validate_actions()[pri:0, instance:ats_Test.ATS_TestClass@78691363]" started-at="2024-08-01T23:00:52 IST" name="validate_actions" finished-at="2024-08-01T23:00:52 IST" duration-ms="12" status="PASS">
          <reporter-output>
          </reporter-output>
        </test-method> <!-- validate_actions -->
      </class> <!-- ats_Test.ATS_TestClass -->
    </test> <!-- Default test -->
  </suite> <!-- Default suite -->
</testng-results>
